<?xml version="1.0" encoding="UTF-8"?>
<testng-results ignored="0" total="1" passed="1" failed="0" skipped="0">
  <reporter-output>
    <line>
      <![CDATA[Opening AmazonShop]]>
    </line>
  </reporter-output>
  <suite started-at="2023-07-30T12:41:06 IST" name="Default suite" finished-at="2023-07-30T12:42:32 IST" duration-ms="86280">
    <groups>
    </groups>
    <test started-at="2023-07-30T12:41:06 IST" name="Default test" finished-at="2023-07-30T12:42:32 IST" duration-ms="86280">
      <class name="eCommerceShop.Amazon">
        <test-method signature="AmazonShop()[pri:0, instance:eCommerceShop.Amazon@3c407114]" started-at="2023-07-30T12:41:06 IST" name="AmazonShop" finished-at="2023-07-30T12:42:32 IST" duration-ms="86248" status="PASS">
          <reporter-output>
            <line>
              <![CDATA[Opening AmazonShop]]>
            </line>
          </reporter-output>
        </test-method> <!-- AmazonShop -->
      </class> <!-- eCommerceShop.Amazon -->
    </test> <!-- Default test -->
  </suite> <!-- Default suite -->
</testng-results>
